0 info it worked if it ends with ok
1 verbose cli [ '/usr/local/Cellar/node/0.10.17/bin/node',
1 verbose cli   '/usr/local/bin/npm',
1 verbose cli   'publish' ]
2 info using npm@1.3.8
3 info using node@v0.10.17
4 verbose publish [ '.' ]
5 verbose cache add [ '.', null ]
6 verbose cache add name=undefined spec="." args=[".",null]
7 verbose parsed url { protocol: null,
7 verbose parsed url   slashes: null,
7 verbose parsed url   auth: null,
7 verbose parsed url   host: null,
7 verbose parsed url   port: null,
7 verbose parsed url   hostname: null,
7 verbose parsed url   hash: null,
7 verbose parsed url   search: null,
7 verbose parsed url   query: null,
7 verbose parsed url   pathname: '.',
7 verbose parsed url   path: '.',
7 verbose parsed url   href: '.' }
8 silly lockFile 3a52ce78- .
9 verbose lock . /Users/antonshuvalov/.npm/3a52ce78-.lock
10 verbose tar pack [ '/var/folders/qf/t12bcq8x315d5s9tl88x9w7w0000gn/T/npm-42564-W0BP83BT/1385642214783-0.7734704276081175/tmp.tgz',
10 verbose tar pack   '.' ]
11 verbose tarball /var/folders/qf/t12bcq8x315d5s9tl88x9w7w0000gn/T/npm-42564-W0BP83BT/1385642214783-0.7734704276081175/tmp.tgz
12 verbose folder .
13 silly lockFile 1f1177db-tar tar://.
14 verbose lock tar://. /Users/antonshuvalov/.npm/1f1177db-tar.lock
15 silly lockFile f7cc2b0e-14783-0-7734704276081175-tmp-tgz tar:///var/folders/qf/t12bcq8x315d5s9tl88x9w7w0000gn/T/npm-42564-W0BP83BT/1385642214783-0.7734704276081175/tmp.tgz
16 verbose lock tar:///var/folders/qf/t12bcq8x315d5s9tl88x9w7w0000gn/T/npm-42564-W0BP83BT/1385642214783-0.7734704276081175/tmp.tgz /Users/antonshuvalov/.npm/f7cc2b0e-14783-0-7734704276081175-tmp-tgz.lock
17 silly lockFile 1f1177db-tar tar://.
18 silly lockFile 1f1177db-tar tar://.
19 silly lockFile f7cc2b0e-14783-0-7734704276081175-tmp-tgz tar:///var/folders/qf/t12bcq8x315d5s9tl88x9w7w0000gn/T/npm-42564-W0BP83BT/1385642214783-0.7734704276081175/tmp.tgz
20 silly lockFile f7cc2b0e-14783-0-7734704276081175-tmp-tgz tar:///var/folders/qf/t12bcq8x315d5s9tl88x9w7w0000gn/T/npm-42564-W0BP83BT/1385642214783-0.7734704276081175/tmp.tgz
21 verbose tar unpack /var/folders/qf/t12bcq8x315d5s9tl88x9w7w0000gn/T/npm-42564-W0BP83BT/1385642214783-0.7734704276081175/tmp.tgz
22 silly lockFile 4ad547ee-14783-0-7734704276081175-package tar:///var/folders/qf/t12bcq8x315d5s9tl88x9w7w0000gn/T/npm-42564-W0BP83BT/1385642214783-0.7734704276081175/package
23 verbose lock tar:///var/folders/qf/t12bcq8x315d5s9tl88x9w7w0000gn/T/npm-42564-W0BP83BT/1385642214783-0.7734704276081175/package /Users/antonshuvalov/.npm/4ad547ee-14783-0-7734704276081175-package.lock
24 silly lockFile f7cc2b0e-14783-0-7734704276081175-tmp-tgz tar:///var/folders/qf/t12bcq8x315d5s9tl88x9w7w0000gn/T/npm-42564-W0BP83BT/1385642214783-0.7734704276081175/tmp.tgz
25 verbose lock tar:///var/folders/qf/t12bcq8x315d5s9tl88x9w7w0000gn/T/npm-42564-W0BP83BT/1385642214783-0.7734704276081175/tmp.tgz /Users/antonshuvalov/.npm/f7cc2b0e-14783-0-7734704276081175-tmp-tgz.lock
26 silly gunzTarPerm modes [ '755', '644' ]
27 silly gunzTarPerm extractEntry package.json
28 silly gunzTarPerm extractEntry index.js
29 silly gunzTarPerm extractEntry readme.md
30 silly lockFile 4ad547ee-14783-0-7734704276081175-package tar:///var/folders/qf/t12bcq8x315d5s9tl88x9w7w0000gn/T/npm-42564-W0BP83BT/1385642214783-0.7734704276081175/package
31 silly lockFile 4ad547ee-14783-0-7734704276081175-package tar:///var/folders/qf/t12bcq8x315d5s9tl88x9w7w0000gn/T/npm-42564-W0BP83BT/1385642214783-0.7734704276081175/package
32 silly lockFile f7cc2b0e-14783-0-7734704276081175-tmp-tgz tar:///var/folders/qf/t12bcq8x315d5s9tl88x9w7w0000gn/T/npm-42564-W0BP83BT/1385642214783-0.7734704276081175/tmp.tgz
33 silly lockFile f7cc2b0e-14783-0-7734704276081175-tmp-tgz tar:///var/folders/qf/t12bcq8x315d5s9tl88x9w7w0000gn/T/npm-42564-W0BP83BT/1385642214783-0.7734704276081175/tmp.tgz
34 verbose tar pack [ '/Users/antonshuvalov/.npm/express-mvc-routes/0.1.0/package.tgz',
34 verbose tar pack   '/var/folders/qf/t12bcq8x315d5s9tl88x9w7w0000gn/T/npm-42564-W0BP83BT/1385642214783-0.7734704276081175/package' ]
35 verbose tarball /Users/antonshuvalov/.npm/express-mvc-routes/0.1.0/package.tgz
36 verbose folder /var/folders/qf/t12bcq8x315d5s9tl88x9w7w0000gn/T/npm-42564-W0BP83BT/1385642214783-0.7734704276081175/package
37 silly lockFile 4ad547ee-14783-0-7734704276081175-package tar:///var/folders/qf/t12bcq8x315d5s9tl88x9w7w0000gn/T/npm-42564-W0BP83BT/1385642214783-0.7734704276081175/package
38 verbose lock tar:///var/folders/qf/t12bcq8x315d5s9tl88x9w7w0000gn/T/npm-42564-W0BP83BT/1385642214783-0.7734704276081175/package /Users/antonshuvalov/.npm/4ad547ee-14783-0-7734704276081175-package.lock
39 silly lockFile bb4c2ad1-ess-mvc-routes-0-1-0-package-tgz tar:///Users/antonshuvalov/.npm/express-mvc-routes/0.1.0/package.tgz
40 verbose lock tar:///Users/antonshuvalov/.npm/express-mvc-routes/0.1.0/package.tgz /Users/antonshuvalov/.npm/bb4c2ad1-ess-mvc-routes-0-1-0-package-tgz.lock
41 silly lockFile 4ad547ee-14783-0-7734704276081175-package tar:///var/folders/qf/t12bcq8x315d5s9tl88x9w7w0000gn/T/npm-42564-W0BP83BT/1385642214783-0.7734704276081175/package
42 silly lockFile 4ad547ee-14783-0-7734704276081175-package tar:///var/folders/qf/t12bcq8x315d5s9tl88x9w7w0000gn/T/npm-42564-W0BP83BT/1385642214783-0.7734704276081175/package
43 silly lockFile bb4c2ad1-ess-mvc-routes-0-1-0-package-tgz tar:///Users/antonshuvalov/.npm/express-mvc-routes/0.1.0/package.tgz
44 silly lockFile bb4c2ad1-ess-mvc-routes-0-1-0-package-tgz tar:///Users/antonshuvalov/.npm/express-mvc-routes/0.1.0/package.tgz
45 silly lockFile 55e7cd00-express-mvc-routes-0-1-0-package /Users/antonshuvalov/.npm/express-mvc-routes/0.1.0/package
46 verbose lock /Users/antonshuvalov/.npm/express-mvc-routes/0.1.0/package /Users/antonshuvalov/.npm/55e7cd00-express-mvc-routes-0-1-0-package.lock
47 silly lockFile 55e7cd00-express-mvc-routes-0-1-0-package /Users/antonshuvalov/.npm/express-mvc-routes/0.1.0/package
48 silly lockFile 55e7cd00-express-mvc-routes-0-1-0-package /Users/antonshuvalov/.npm/express-mvc-routes/0.1.0/package
49 verbose tar unpack /Users/antonshuvalov/.npm/express-mvc-routes/0.1.0/package.tgz
50 silly lockFile 0b95d244-express-mvc-routes-0-1-0-package tar:///Users/antonshuvalov/.npm/express-mvc-routes/0.1.0/package
51 verbose lock tar:///Users/antonshuvalov/.npm/express-mvc-routes/0.1.0/package /Users/antonshuvalov/.npm/0b95d244-express-mvc-routes-0-1-0-package.lock
52 silly lockFile bb4c2ad1-ess-mvc-routes-0-1-0-package-tgz tar:///Users/antonshuvalov/.npm/express-mvc-routes/0.1.0/package.tgz
53 verbose lock tar:///Users/antonshuvalov/.npm/express-mvc-routes/0.1.0/package.tgz /Users/antonshuvalov/.npm/bb4c2ad1-ess-mvc-routes-0-1-0-package-tgz.lock
54 silly gunzTarPerm modes [ '755', '644' ]
55 silly gunzTarPerm extractEntry package.json
56 silly gunzTarPerm extractEntry index.js
57 silly gunzTarPerm extractEntry readme.md
58 silly lockFile 0b95d244-express-mvc-routes-0-1-0-package tar:///Users/antonshuvalov/.npm/express-mvc-routes/0.1.0/package
59 silly lockFile 0b95d244-express-mvc-routes-0-1-0-package tar:///Users/antonshuvalov/.npm/express-mvc-routes/0.1.0/package
60 silly lockFile bb4c2ad1-ess-mvc-routes-0-1-0-package-tgz tar:///Users/antonshuvalov/.npm/express-mvc-routes/0.1.0/package.tgz
61 silly lockFile bb4c2ad1-ess-mvc-routes-0-1-0-package-tgz tar:///Users/antonshuvalov/.npm/express-mvc-routes/0.1.0/package.tgz
62 verbose chmod /Users/antonshuvalov/.npm/express-mvc-routes/0.1.0/package.tgz 644
63 verbose chown /Users/antonshuvalov/.npm/express-mvc-routes/0.1.0/package.tgz [ 501, 20 ]
64 silly lockFile 3a52ce78- .
65 silly lockFile 3a52ce78- .
66 silly publish { name: 'express-mvc-routes',
66 silly publish   description: 'Simple binding controllers to routes',
66 silly publish   version: '0.1.0',
66 silly publish   license: 'MIT',
66 silly publish   repository:
66 silly publish    { type: 'git',
66 silly publish      url: 'https://github.com/shuvalov-anton/express-mvc-routes.git' },
66 silly publish   author:
66 silly publish    { name: 'Anton Shuvalov',
66 silly publish      email: 'anton_shuvalov@me.com',
66 silly publish      url: 'http://anton-shuvalov.info' },
66 silly publish   main: 'index.js',
66 silly publish   keywords: [ 'express', 'routes', 'mvc' ],
66 silly publish   readme: '# Simple MVC Router for Express.js\n\n\n## Install\n\n    npm i --save express-mvc-router\n\n\n## Example\n\n\n\n    /**\n     * Module dependencies.\n     */\n\n    var express        = require(\'express\');\n    var routes         = require(\'./routes\');\n    var controllers    = require(\'./controllers/\');\n    var middlewares    = require(\'./middlewares/\');\n    var RouteConstr    = require(\'express-mvc-routes\');\n\n\n    var app            = express();\n\n    // Setup your app \n    // ... \n\n    // Bind `Route` constructor to your app.\n    RouteConstr(app);\n\n\n    // And bind your controllers to your routes\n    new Route({\n      url: \'/\',\n      controllers: controllers.render(\'index\')\n    });\n\n    // And bind your controllers to your routes\n    new Route({\n      url: \'/styles.css\',\n      controllers: controllers.stylus(__dirname + \'/main.styl\')\n    });\n\n    new Route({\n      url: \'/admin\',\n      middlewares: middlewares.auth,\n      controllers: controllers.render(\'admin\')\n    });\n\n    new Route({\n      url: \'/analytics\',\n      middlewares: middlewares.auth, middlewares.setupLocals\n      controllers: controllers.render(\'analytics\')\n    });\n\n\n    // And start your app.\n    app.listen(app.get(\'port\'), function(){\n      console.log(\'Express server listening on port \' + app.get(\'port\'));\n    });',
66 silly publish   readmeFilename: 'readme.md',
66 silly publish   bugs: { url: 'https://github.com/shuvalov-anton/express-mvc-routes/issues' },
66 silly publish   _id: 'express-mvc-routes@0.1.0',
66 silly publish   dist: { shasum: 'a5fed00b3c4925bf9359eedfe8c91d5f0e7dc9ae' },
66 silly publish   _from: '.' }
67 verbose url raw express-mvc-routes
68 verbose url resolving [ 'https://registry.npmjs.org/', './express-mvc-routes' ]
69 verbose url resolved https://registry.npmjs.org/express-mvc-routes
70 info trying registry request attempt 1 at 18:36:56
71 http PUT https://registry.npmjs.org/express-mvc-routes
72 http 201 https://registry.npmjs.org/express-mvc-routes
73 verbose url raw express-mvc-routes
74 verbose url resolving [ 'https://registry.npmjs.org/', './express-mvc-routes' ]
75 verbose url resolved https://registry.npmjs.org/express-mvc-routes
76 info trying registry request attempt 1 at 18:36:58
77 http GET https://registry.npmjs.org/express-mvc-routes
78 http 404 https://registry.npmjs.org/express-mvc-routes
79 error 404 'express-mvc-routes' is not in the npm registry.
79 error 404 You should bug the author to publish it
79 error 404
79 error 404 Note that you can also install from a
79 error 404 tarball, folder, or http url, or git url.
80 error System Darwin 13.0.0
81 error command "/usr/local/Cellar/node/0.10.17/bin/node" "/usr/local/bin/npm" "publish"
82 error cwd /Users/antonshuvalov/Desktop/express-mvc-router
83 error node -v v0.10.17
84 error npm -v 1.3.8
85 error code E404
86 verbose exit [ 1, true ]
